\BOOKMARK [-1][-]{Doc-Start}{LIST OF TABLES}{}% 1
\BOOKMARK [-1][-]{Doc-Start}{LIST OF FIGURES}{}% 2
\BOOKMARK [0][-]{chapter.1}{INTRODUCTION}{Doc-Start}% 3
\BOOKMARK [0][-]{chapter.2}{BACKGROUND}{Doc-Start}% 4
\BOOKMARK [1][-]{section.2.1}{Threat Intelligence}{chapter.2}% 5
\BOOKMARK [2][-]{subsection.2.1.1}{Consumption of Threat Intelligence}{section.2.1}% 6
\BOOKMARK [1][-]{section.2.2}{Convolutional Neural Network Architecture}{chapter.2}% 7
\BOOKMARK [2][-]{subsection.2.2.1}{Convolution}{section.2.2}% 8
\BOOKMARK [2][-]{subsection.2.2.2}{Convolution Neural Network}{section.2.2}% 9
\BOOKMARK [0][-]{chapter.3}{SYSTEM DESIGN}{Doc-Start}% 10
\BOOKMARK [1][-]{subsection.3.0.1}{Architecture Overview}{chapter.3}% 11
\BOOKMARK [2][-]{subsection.3.0.2}{Data Collection}{subsection.3.0.1}% 12
\BOOKMARK [1][-]{section.3.1}{Data Acquisition Module}{chapter.3}% 13
\BOOKMARK [2][-]{subsection.3.1.1}{Blog Scrapper \(BS\)}{section.3.1}% 14
\BOOKMARK [2][-]{subsection.3.1.2}{APT Report Collector \(ARC\)}{section.3.1}% 15
\BOOKMARK [2][-]{subsection.3.1.3}{Cuckoo Malware Analysis System \(CMAS\)}{section.3.1}% 16
\BOOKMARK [1][-]{section.3.2}{IOC Extraction Module}{chapter.3}% 17
\BOOKMARK [2][-]{subsection.3.2.1}{Relevant Content Picker \(RCP\)}{section.3.2}% 18
\BOOKMARK [2][-]{subsection.3.2.2}{CNN based Sentence Classification \(CSC\)}{section.3.2}% 19
\BOOKMARK [2][-]{subsection.3.2.3}{IOC Extractor \(IE\)}{section.3.2}% 20
\BOOKMARK [1][-]{section.3.3}{Rule Generation System}{chapter.3}% 21
\BOOKMARK [2][-]{subsection.3.3.1}{IOC Generator \(IG\)}{section.3.3}% 22
\BOOKMARK [2][-]{subsection.3.3.2}{Malware Information Sharing Platform \(MISP\)}{section.3.3}% 23
\BOOKMARK [0][-]{chapter.4}{IMPLEMENTATION}{Doc-Start}% 24
\BOOKMARK [0][-]{chapter.5}{EVALUATION}{Doc-Start}% 25
\BOOKMARK [1][-]{section.5.1}{Experiments}{chapter.5}% 26
\BOOKMARK [1][-]{section.5.2}{Results}{chapter.5}% 27
\BOOKMARK [2][-]{subsection.5.2.1}{Loss Function and Accuracy}{section.5.2}% 28
\BOOKMARK [2][-]{subsection.5.2.2}{Method Comparison}{section.5.2}% 29
\BOOKMARK [0][-]{chapter.6}{DISCUSSION AND FUTURE WORK}{Doc-Start}% 30
\BOOKMARK [0][-]{chapter.7}{CONCLUSION}{Doc-Start}% 31
\BOOKMARK [-1][-]{chapter.7}{REFERENCES}{}% 32
\BOOKMARK [0][-]{appendix.A}{Raw Data}{chapter.7}% 33
